error: 2021/01/05 17:54:50 file_work.go:98: FileWork Confirm  rename /resource/password/.confirming /resource/password/.processing: no such file or directory
error: 2021/01/05 17:55:54 file_work.go:98: FileWork Confirm  rename /resource/password/.confirming /resource/password/.processing: no such file or directory
error: 2021/01/05 17:56:20 file_work.go:98: FileWork Confirm 1 rename /resource/password/1.confirming /resource/password/1.processing: no such file or directory
error: 2021/01/05 17:56:32 file_work.go:98: FileWork Confirm 1 rename /resource/password/1.confirming /resource/password/1.processing: no such file or directory
error: 2021/01/05 17:56:35 file_work.go:98: FileWork Confirm fe21657d-cbb4-429e-8a3e-1a37c02b1d21.waiting rename /resource/password/fe21657d-cbb4-429e-8a3e-1a37c02b1d21.waiting.confirming /resource/password/fe21657d-cbb4-429e-8a3e-1a37c02b1d21.waiting.processing: no such file or directory
error: 2021/01/05 17:56:55 file_work.go:98: FileWork Confirm fe21657d-cbb4-429e-8a3e-1a37c02b1d21.waiting rename /resource/password/fe21657d-cbb4-429e-8a3e-1a37c02b1d21.waiting.confirming /resource/password/fe21657d-cbb4-429e-8a3e-1a37c02b1d21.waiting.processing: no such file or directory
error: 2021/01/05 17:57:21 file_work.go:98: FileWork Confirm fe21657d-cbb4-429e-8a3e-1a37c02b1d21.waiting rename /resource/password/fe21657d-cbb4-429e-8a3e-1a37c02b1d21.waiting.confirming /resource/password/fe21657d-cbb4-429e-8a3e-1a37c02b1d21.waiting.processing: no such file or directory
error: 2021/01/05 17:57:25 file_work.go:98: FileWork Confirm fe21657d-cbb4-429e-8a3e-1a37c02b1d21.waiting rename /resource/password/fe21657d-cbb4-429e-8a3e-1a37c02b1d21.waiting.confirming /resource/password/fe21657d-cbb4-429e-8a3e-1a37c02b1d21.waiting.processing: no such file or directory
error: 2021/01/05 17:57:28 file_work.go:98: FileWork Confirm 000e0095-3067-4cc0-8f9c-16d0a6ae6367.waiting rename /resource/password/000e0095-3067-4cc0-8f9c-16d0a6ae6367.waiting.confirming /resource/password/000e0095-3067-4cc0-8f9c-16d0a6ae6367.waiting.processing: no such file or directory
error: 2021/01/05 17:57:32 file_work.go:98: FileWork Confirm 000e0095-3067-4cc0-8f9c-16d0a6ae6367.waiting rename /resource/password/000e0095-3067-4cc0-8f9c-16d0a6ae6367.waiting.confirming /resource/password/000e0095-3067-4cc0-8f9c-16d0a6ae6367.waiting.processing: no such file or directory
error: 2021/01/05 17:57:33 file_work.go:98: FileWork Confirm 000e0095-3067-4cc0-8f9c-16d0a6ae6367.waiting rename /resource/password/000e0095-3067-4cc0-8f9c-16d0a6ae6367.waiting.confirming /resource/password/000e0095-3067-4cc0-8f9c-16d0a6ae6367.waiting.processing: no such file or directory
error: 2021/01/05 17:58:44 file_work.go:98: FileWork Confirm 000e0095-3067-4cc0-8f9c-16d0a6ae6367.waiting rename /resource/password/000e0095-3067-4cc0-8f9c-16d0a6ae6367.waiting.confirming /resource/password/000e0095-3067-4cc0-8f9c-16d0a6ae6367.waiting.processing: no such file or directory
error: 2021/01/05 17:59:20 file_work.go:109: FileWork Complete 000e0095-3067-4cc0-8f9c-16d0a6ae6367.waitingss rename /resource/password/000e0095-3067-4cc0-8f9c-16d0a6ae6367.waitingss.processing /resource/password/000e0095-3067-4cc0-8f9c-16d0a6ae6367.waitingss.complete: no such file or directory
error: 2021/01/05 17:59:24 file_work.go:109: FileWork Complete 000e0095-3067-4cc0-8f9c-16d0a6ae6367.waitingss rename /resource/password/000e0095-3067-4cc0-8f9c-16d0a6ae6367.waitingss.processing /resource/password/000e0095-3067-4cc0-8f9c-16d0a6ae6367.waitingss.complete: no such file or directory
error: 2021/01/05 17:59:24 file_work.go:109: FileWork Complete 000e0095-3067-4cc0-8f9c-16d0a6ae6367.waitingss rename /resource/password/000e0095-3067-4cc0-8f9c-16d0a6ae6367.waitingss.processing /resource/password/000e0095-3067-4cc0-8f9c-16d0a6ae6367.waitingss.complete: no such file or directory
error: 2021/01/05 17:59:24 file_work.go:109: FileWork Complete 000e0095-3067-4cc0-8f9c-16d0a6ae6367.waitingss rename /resource/password/000e0095-3067-4cc0-8f9c-16d0a6ae6367.waitingss.processing /resource/password/000e0095-3067-4cc0-8f9c-16d0a6ae6367.waitingss.complete: no such file or directory
error: 2021/01/05 17:59:25 file_work.go:109: FileWork Complete 000e0095-3067-4cc0-8f9c-16d0a6ae6367.waitingss rename /resource/password/000e0095-3067-4cc0-8f9c-16d0a6ae6367.waitingss.processing /resource/password/000e0095-3067-4cc0-8f9c-16d0a6ae6367.waitingss.complete: no such file or directory
error: 2021/01/05 17:59:25 file_work.go:109: FileWork Complete 000e0095-3067-4cc0-8f9c-16d0a6ae6367.waitingss rename /resource/password/000e0095-3067-4cc0-8f9c-16d0a6ae6367.waitingss.processing /resource/password/000e0095-3067-4cc0-8f9c-16d0a6ae6367.waitingss.complete: no such file or directory
error: 2021/01/05 17:59:25 file_work.go:109: FileWork Complete 000e0095-3067-4cc0-8f9c-16d0a6ae6367.waitingss rename /resource/password/000e0095-3067-4cc0-8f9c-16d0a6ae6367.waitingss.processing /resource/password/000e0095-3067-4cc0-8f9c-16d0a6ae6367.waitingss.complete: no such file or directory
error: 2021/01/05 17:59:27 file_work.go:109: FileWork Complete 000e0095-3067-4cc0-8f9c-16d0a6ae6367.waitingss rename /resource/password/000e0095-3067-4cc0-8f9c-16d0a6ae6367.waitingss.processing /resource/password/000e0095-3067-4cc0-8f9c-16d0a6ae6367.waitingss.complete: no such file or directory
error: 2021/01/05 17:59:27 file_work.go:109: FileWork Complete 000e0095-3067-4cc0-8f9c-16d0a6ae6367.waiting rename /resource/password/000e0095-3067-4cc0-8f9c-16d0a6ae6367.waiting.processing /resource/password/000e0095-3067-4cc0-8f9c-16d0a6ae6367.waiting.complete: no such file or directory
error: 2021/01/05 17:59:28 file_work.go:109: FileWork Complete 000e0095-3067-4cc0-8f9c-16d0a6ae6367.waiting rename /resource/password/000e0095-3067-4cc0-8f9c-16d0a6ae6367.waiting.processing /resource/password/000e0095-3067-4cc0-8f9c-16d0a6ae6367.waiting.complete: no such file or directory
error: 2021/01/05 17:59:30 file_work.go:109: FileWork Complete 000e0095-3067-4cc0-8f9c-16d0a6ae6367.waiting rename /resource/password/000e0095-3067-4cc0-8f9c-16d0a6ae6367.waiting.processing /resource/password/000e0095-3067-4cc0-8f9c-16d0a6ae6367.waiting.complete: no such file or directory
error: 2021/01/05 18:00:15 file_work.go:109: FileWork Complete 000e0095-3067-4cc0-8f9c-16d0a6ae6367.waiting rename /resource/password/000e0095-3067-4cc0-8f9c-16d0a6ae6367.waiting.processing /resource/password/000e0095-3067-4cc0-8f9c-16d0a6ae6367.waiting.complete: no such file or directory
error: 2021/01/05 18:00:16 file_work.go:109: FileWork Complete 00240836-5d13-49be-a264-b2304d5d308f.waiting.processing rename /resource/password/00240836-5d13-49be-a264-b2304d5d308f.waiting.processing.processing /resource/password/00240836-5d13-49be-a264-b2304d5d308f.waiting.processing.complete: no such file or directory
error: 2021/01/05 18:00:27 file_work.go:109: FileWork Complete 00240836-5d13-49be-a264-b2304d5d308f.waiting.processing rename /resource/password/00240836-5d13-49be-a264-b2304d5d308f.waiting.processing.processing /resource/password/00240836-5d13-49be-a264-b2304d5d308f.waiting.processing.complete: no such file or directory
error: 2021/01/05 18:00:55 file_work.go:109: FileWork Complete 00240836-5d13-49be-a264-b2304d5d308f.waiting.processing rename /resource/password/00240836-5d13-49be-a264-b2304d5d308f.waiting.processing.processing /resource/password/00240836-5d13-49be-a264-b2304d5d308f.waiting.processing.complete: no such file or directory
error: 2021/01/05 18:00:56 file_work.go:109: FileWork Complete 00240836-5d13-49be-a264-b2304d5d308f.waiting.processing rename /resource/password/00240836-5d13-49be-a264-b2304d5d308f.waiting.processing.processing /resource/password/00240836-5d13-49be-a264-b2304d5d308f.waiting.processing.complete: no such file or directory
error: 2021/01/05 18:01:18 file_work.go:109: FileWork Complete 00240836-5d13-49be-a264-b2304d5d308f.waiting.processing rename /resource/password/00240836-5d13-49be-a264-b2304d5d308f.waiting.processing.processing /resource/password/00240836-5d13-49be-a264-b2304d5d308f.waiting.processing.complete: no such file or directory
error: 2021/01/05 18:01:39 file_work.go:109: FileWork Complete 00240836-5d13-49be-a264-b2304d5d308f.waiting.processing rename /resource/password/00240836-5d13-49be-a264-b2304d5d308f.waiting.processing.processing /resource/password/00240836-5d13-49be-a264-b2304d5d308f.waiting.processing.complete: no such file or directory
error: 2021/01/05 18:01:39 file_work.go:109: FileWork Complete 00240836-5d13-49be-a264-b2304d5d308f.waiting.processing rename /resource/password/00240836-5d13-49be-a264-b2304d5d308f.waiting.processing.processing /resource/password/00240836-5d13-49be-a264-b2304d5d308f.waiting.processing.complete: no such file or directory
error: 2021/01/05 18:01:45 file_work.go:109: FileWork Complete 00240836-5d13-49be-a264-b2304d5d308f.waiting.processing rename /resource/password/00240836-5d13-49be-a264-b2304d5d308f.waiting.processing.processing /resource/password/00240836-5d13-49be-a264-b2304d5d308f.waiting.processing.complete: no such file or directory
error: 2021/01/05 18:15:30 file_work.go:112: FileWork Complete  rename /resource/password/.processing /resource/password/.complete: no such file or directory
